<?xml version="1.0" encoding="UTF-8"?>
<testng-results skipped="0" failed="0" ignored="0" total="1" passed="1">
  <reporter-output>
  </reporter-output>
  <suite name="Default suite" duration-ms="80053" started-at="2017-04-12T06:32:16Z" finished-at="2017-04-12T06:33:37Z">
    <groups>
      <group name="Product Description page.">
        <method signature="IGP_TC_108.test()[pri:0, instance:testingxperts.web.tests.IGP_TC_108@6c3708b3]" name="test" class="testingxperts.web.tests.IGP_TC_108"/>
      </group> <!-- Product Description page. -->
    </groups>
    <test name="Default test" duration-ms="80053" started-at="2017-04-12T06:32:16Z" finished-at="2017-04-12T06:33:37Z">
      <class name="testingxperts.web.tests.IGP_TC_108">
        <test-method status="PASS" signature="test()[pri:0, instance:testingxperts.web.tests.IGP_TC_108@6c3708b3]" name="test" duration-ms="68715" started-at="2017-04-12T12:02:23Z" description="Product name and Price:Ensure that the selected product name and price should be same with what we are selected in listing page." finished-at="2017-04-12T12:03:32Z">
          <reporter-output>
          </reporter-output>
        </test-method> <!-- test -->
      </class> <!-- testingxperts.web.tests.IGP_TC_108 -->
    </test> <!-- Default test -->
  </suite> <!-- Default suite -->
</testng-results>
