<?xml version="1.0" encoding="UTF-8"?>
<!-- Generated by org.testng.reporters.JUnitXMLReporter -->
<testsuite hostname="DSCHD-015" name="Showing-Tests" tests="1" failures="1" timestamp="16 Jan 2017 13:21:15 GMT" time="23.652" errors="0">
  <testcase name="TC_SS_1_Test" time="1.568" classname="testingxperts.web.tests.TC_SS_1">
    <failure type="java.lang.NullPointerException">
      <![CDATA[java.lang.NullPointerException
	at ru.yandex.qatools.ashot.screentaker.ViewportPastingStrategy.getFullHeight(ViewportPastingStrategy.java:23)
	at ru.yandex.qatools.ashot.screentaker.VerticalPastingShootingStrategy.getScreenshot(VerticalPastingShootingStrategy.java:33)
	at ru.yandex.qatools.ashot.screentaker.ScreenTaker.take(ScreenTaker.java:22)
	at ru.yandex.qatools.ashot.AShot.takeScreenshot(AShot.java:141)
	at utilities.Utility.takeScreenshot(Utility.java:266)
	at testingxperts.web.tests.TC_SS_1.TC_SS_1_Test(TC_SS_1.java:66)
	at suite.runner.CustomSuiteRunner.suiteRunner(CustomSuiteRunner.java:162)
... Removed 50 stack frames]]>
    </failure>
  </testcase> <!-- TC_SS_1_Test -->
</testsuite> <!-- Showing-Tests -->
